May 14 09:50:43 ubm4 containerd[2989]: time="2022-05-14T09:50:43.163998989Z" level=error msg=" start" container=urunc-kata-test name=containerd-shim-v2 pid=3030 sandbox=urunc-kata-test source=containerd-kata-shim-v2 src=uruncio
May 14 09:50:43 ubm4 containerd[2989]: time="2022-05-14T09:50:43.164185006Z" level=error msg=pkg/create.go/create name=containerd-shim-v2 pid=3030 sandbox=urunc-kata-test source=containerd-kata-shim-v2 src=uruncio
May 14 09:50:43 ubm4 virtiofsd[3040]: virtio_session_mount: Waiting for vhost-user socket connection...
May 14 09:50:43 ubm4 virtiofsd[3040]: virtio_session_mount: Received vhost-user socket connection
May 14 09:50:43 ubm4 virtiofsd[1]: virtio_loop: Entry
May 14 09:50:43 ubm4 virtiofsd[1]: fv_queue_set_started: qidx=0 started=1
May 14 09:50:43 ubm4 virtiofsd[1]: fv_queue_set_started: qidx=1 started=1
May 14 09:50:43 ubm4 virtiofsd[1]: fv_queue_thread: Start for queue 0 kick_fd 9
May 14 09:50:43 ubm4 virtiofsd[1]: fv_queue_thread: Start for queue 1 kick_fd 12
May 14 09:50:44 ubm4 kata[3030]: time="2022-05-14T09:50:44.26398662Z" level=error msg=pkg/create.go/create name=containerd-shim-v2 pid=3030 sandbox=urunc-kata-test source=containerd-kata-shim-v2 src=uruncio unikernel=true
May 14 09:50:44 ubm4 kata[3030]: time="2022-05-14T09:50:44.264428407Z" level=error msg=pkg/service.go/Create kernelPath=/opt/kata/share/kata-containers/vmlinux-5.15.26-90 name=containerd-shim-v2 pid=3030 sandbox=urunc-kata-test source=containerd-kata-shim-v2 src=uruncio
May 14 09:50:44 ubm4 containerd[2989]: time="2022-05-14T09:50:44.263986620Z" level=error msg=pkg/create.go/create name=containerd-shim-v2 pid=3030 sandbox=urunc-kata-test source=containerd-kata-shim-v2 src=uruncio unikernel=true
May 14 09:50:44 ubm4 kata[3030]: time="2022-05-14T09:50:44.264736001Z" level=error msg=pkg/service.go/Create name=containerd-shim-v2 pid=3030 sandbox=urunc-kata-test source=containerd-kata-shim-v2 src=uruncio uruncImported=true
May 14 09:50:44 ubm4 containerd[2989]: time="2022-05-14T09:50:44.264428407Z" level=error msg=pkg/service.go/Create kernelPath=/opt/kata/share/kata-containers/vmlinux-5.15.26-90 name=containerd-shim-v2 pid=3030 sandbox=urunc-kata-test source=containerd-kata-shim-v2 src=uruncio
May 14 09:50:44 ubm4 containerd[2989]: time="2022-05-14T09:50:44.264736001Z" level=error msg=pkg/service.go/Create name=containerd-shim-v2 pid=3030 sandbox=urunc-kata-test source=containerd-kata-shim-v2 src=uruncio uruncImported=true
May 14 09:50:44 ubm4 kata[3030]: time="2022-05-14T09:50:44.266136895Z" level=error msg=pkg/service.go/Start kernelPath=/opt/kata/share/kata-containers/vmlinux-5.15.26-90 name=containerd-shim-v2 pid=3030 sandbox=urunc-kata-test source=containerd-kata-shim-v2 src=uruncio
May 14 09:50:44 ubm4 containerd[2989]: time="2022-05-14T09:50:44.266136895Z" level=error msg=pkg/service.go/Start kernelPath=/opt/kata/share/kata-containers/vmlinux-5.15.26-90 name=containerd-shim-v2 pid=3030 sandbox=urunc-kata-test source=containerd-kata-shim-v2 src=uruncio
May 14 09:50:44 ubm4 kata[3030]: time="2022-05-14T09:50:44.266370911Z" level=error msg=pkg/start.go/startContainer message="s.sandbox was not nil" name=containerd-shim-v2 pid=3030 sandbox=urunc-kata-test source=containerd-kata-shim-v2 src=uruncio
May 14 09:50:44 ubm4 containerd[2989]: time="2022-05-14T09:50:44.266370911Z" level=error msg=pkg/start.go/startContainer message="s.sandbox was not nil" name=containerd-shim-v2 pid=3030 sandbox=urunc-kata-test source=containerd-kata-shim-v2 src=uruncio
May 14 09:50:44 ubm4 kata[3030]: time="2022-05-14T09:50:44.26652865Z" level=error msg=pkg/start.go/startContainer c.cType.IsSandbox=true name=containerd-shim-v2 pid=3030 sandbox=urunc-kata-test source=containerd-kata-shim-v2 src=uruncio
May 14 09:50:44 ubm4 containerd[2989]: time="2022-05-14T09:50:44.266528650Z" level=error msg=pkg/start.go/startContainer c.cType.IsSandbox=true name=containerd-shim-v2 pid=3030 sandbox=urunc-kata-test source=containerd-kata-shim-v2 src=uruncio
May 14 09:50:44 ubm4 kata[3030]: time="2022-05-14T09:50:44.266662354Z" level=error msg=pkg/start.go/startContainer name=containerd-shim-v2 pid=3030 sandbox=urunc-kata-test source=containerd-kata-shim-v2 src=uruncio unikernel=true
May 14 09:50:44 ubm4 containerd[2989]: time="2022-05-14T09:50:44.266662354Z" level=error msg=pkg/start.go/startContainer name=containerd-shim-v2 pid=3030 sandbox=urunc-kata-test source=containerd-kata-shim-v2 src=uruncio unikernel=true
May 14 09:50:44 ubm4 kata[3030]: time="2022-05-14T09:50:44.266839808Z" level=error msg=pkg/start.go/startContainer name=containerd-shim-v2 pid=3030 sandbox=urunc-kata-test source=containerd-kata-shim-v2 src=uruncio unikernelBin=/run/containerd/io.containerd.runtime.v2.task/default/urunc-kata-test/rootfs/unikernel/hello
May 14 09:50:44 ubm4 containerd[2989]: time="2022-05-14T09:50:44.266839808Z" level=error msg=pkg/start.go/startContainer name=containerd-shim-v2 pid=3030 sandbox=urunc-kata-test source=containerd-kata-shim-v2 src=uruncio unikernelBin=/run/containerd/io.containerd.runtime.v2.task/default/urunc-kata-test/rootfs/unikernel/hello
May 14 09:50:44 ubm4 kata[3030]: time="2022-05-14T09:50:44.266984585Z" level=error msg=pkg/start.go/startContainer cmd=/run/containerd/io.containerd.runtime.v2.task/default/urunc-kata-test/rootfs/unikernel/hello name=containerd-shim-v2 pid=3030 sandbox=urunc-kata-test source=containerd-kata-shim-v2 src=uruncio
May 14 09:50:44 ubm4 containerd[2989]: time="2022-05-14T09:50:44.266984585Z" level=error msg=pkg/start.go/startContainer cmd=/run/containerd/io.containerd.runtime.v2.task/default/urunc-kata-test/rootfs/unikernel/hello name=containerd-shim-v2 pid=3030 sandbox=urunc-kata-test source=containerd-kata-shim-v2 src=uruncio
May 14 09:50:44 ubm4 kata[3030]: time="2022-05-14T09:50:44.267170137Z" level=error msg=pkg/start.go/startContainer c.status=CREATED name=containerd-shim-v2 pid=3030 sandbox=urunc-kata-test source=containerd-kata-shim-v2 src=uruncio
May 14 09:50:44 ubm4 containerd[2989]: time="2022-05-14T09:50:44.267170137Z" level=error msg=pkg/start.go/startContainer c.status=CREATED name=containerd-shim-v2 pid=3030 sandbox=urunc-kata-test source=containerd-kata-shim-v2 src=uruncio
May 14 09:50:44 ubm4 kata[3030]: time="2022-05-14T09:50:44.267323998Z" level=error msg=pkg/start.go/startContainer c.status=RUNNING name=containerd-shim-v2 pid=3030 sandbox=urunc-kata-test source=containerd-kata-shim-v2 src=uruncio
May 14 09:50:44 ubm4 containerd[2989]: time="2022-05-14T09:50:44.267323998Z" level=error msg=pkg/start.go/startContainer c.status=RUNNING name=containerd-shim-v2 pid=3030 sandbox=urunc-kata-test source=containerd-kata-shim-v2 src=uruncio
May 14 09:50:44 ubm4 kata[3030]: time="2022-05-14T09:50:44.267591373Z" level=error msg=pkg/start.go/startContainer cmdFound=true name=containerd-shim-v2 pid=3030 sandbox=urunc-kata-test source=containerd-kata-shim-v2 src=uruncio
May 14 09:50:44 ubm4 containerd[2989]: time="2022-05-14T09:50:44.267591373Z" level=error msg=pkg/start.go/startContainer cmdFound=true name=containerd-shim-v2 pid=3030 sandbox=urunc-kata-test source=containerd-kata-shim-v2 src=uruncio
May 14 09:50:44 ubm4 kata[3030]: time="2022-05-14T09:50:44.267854869Z" level=error msg=pkg/start.go/startContainer cmd=/run/containerd/io.containerd.runtime.v2.task/default/urunc-kata-test/rootfs/unikernel/hello name=containerd-shim-v2 pid=3030 sandbox=urunc-kata-test source=containerd-kata-shim-v2 src=uruncio
May 14 09:50:44 ubm4 containerd[2989]: time="2022-05-14T09:50:44.267854869Z" level=error msg=pkg/start.go/startContainer cmd=/run/containerd/io.containerd.runtime.v2.task/default/urunc-kata-test/rootfs/unikernel/hello name=containerd-shim-v2 pid=3030 sandbox=urunc-kata-test source=containerd-kata-shim-v2 src=uruncio
May 14 09:50:44 ubm4 kata[3030]: time="2022-05-14T09:50:44.268515355Z" level=error msg="all io stream copy goroutines inited" container=urunc-kata-test name=containerd-shim-v2 pid=3030 sandbox=urunc-kata-test source=containerd-kata-shim-v2 src=uruncio
May 14 09:50:44 ubm4 kata[3030]: time="2022-05-14T09:50:44.268889753Z" level=error msg="stdout io stream copy started" container=urunc-kata-test name=containerd-shim-v2 pid=3030 sandbox=urunc-kata-test source=containerd-kata-shim-v2 src=uruncio
May 14 09:50:44 ubm4 containerd[2989]: time="2022-05-14T09:50:44.268515355Z" level=error msg="all io stream copy goroutines inited" container=urunc-kata-test name=containerd-shim-v2 pid=3030 sandbox=urunc-kata-test source=containerd-kata-shim-v2 src=uruncio
May 14 09:50:44 ubm4 containerd[2989]: time="2022-05-14T09:50:44.268889753Z" level=error msg="stdout io stream copy started" container=urunc-kata-test name=containerd-shim-v2 pid=3030 sandbox=urunc-kata-test source=containerd-kata-shim-v2 src=uruncio
May 14 09:50:44 ubm4 kata[3030]: time="2022-05-14T09:50:44.269660193Z" level=error msg=pkg/start.go/startContainer name=containerd-shim-v2 pid=3030 process pid=3078 sandbox=urunc-kata-test source=containerd-kata-shim-v2 src=uruncio
May 14 09:50:44 ubm4 containerd[2989]: time="2022-05-14T09:50:44.269660193Z" level=error msg=pkg/start.go/startContainer name=containerd-shim-v2 pid=3030 process pid=3078 sandbox=urunc-kata-test source=containerd-kata-shim-v2 src=uruncio
May 14 09:50:44 ubm4 kata[3030]: time="2022-05-14T09:50:44.269933486Z" level=error msg=pkg/start.go/startContainer fields.msg="retErr was nil" name=containerd-shim-v2 pid=3030 sandbox=urunc-kata-test source=containerd-kata-shim-v2 src=uruncio
May 14 09:50:44 ubm4 containerd[2989]: time="2022-05-14T09:50:44.269933486Z" level=error msg=pkg/start.go/startContainer fields.msg="retErr was nil" name=containerd-shim-v2 pid=3030 sandbox=urunc-kata-test source=containerd-kata-shim-v2 src=uruncio
